2024-10-09 13:23:17,437 ERROR Failed to do something: Inconsistent object during array creation? Content of sequences changed (now too shallow).
2024-10-09 13:23:52,573 ERROR Failed to do something: Inconsistent object during array creation? Content of sequences changed (now too shallow).
2024-10-09 13:24:29,445 ERROR Failed to do something: Cannot handle this data type: (1, 1, 3), <f4
2024-10-09 13:25:19,251 ERROR Failed to do something: Cannot handle this data type: (1, 1, 3), <f4
2024-10-09 13:26:51,280 ERROR Failed to do something: linearrings: Input operand 0 does not have enough dimensions (has 1, gufunc core with signature (i, d)->() requires 2)
2024-10-09 13:28:11,724 ERROR Failed to do something: linearrings: Input operand 0 does not have enough dimensions (has 1, gufunc core with signature (i, d)->() requires 2)
2024-10-09 13:30:02,383 ERROR Failed to do something: linearrings: Input operand 0 does not have enough dimensions (has 1, gufunc core with signature (i, d)->() requires 2)
2024-10-09 13:30:44,199 ERROR Failed to do something: linearrings: Input operand 0 does not have enough dimensions (has 1, gufunc core with signature (i, d)->() requires 2)
2024-10-09 13:32:50,771 ERROR Failed to do something: linearrings: Input operand 0 does not have enough dimensions (has 1, gufunc core with signature (i, d)->() requires 2)
2024-10-09 13:33:22,442 ERROR Failed to do something: linearrings: Input operand 0 does not have enough dimensions (has 1, gufunc core with signature (i, d)->() requires 2)
2024-10-09 13:35:05,248 ERROR Failed to do something: linearrings: Input operand 0 does not have enough dimensions (has 1, gufunc core with signature (i, d)->() requires 2)
2024-10-09 13:35:31,849 ERROR Failed to do something: linearrings: Input operand 0 does not have enough dimensions (has 1, gufunc core with signature (i, d)->() requires 2)
2024-10-09 13:38:41,040 ERROR Failed to do something: linearrings: Input operand 0 does not have enough dimensions (has 1, gufunc core with signature (i, d)->() requires 2)
2024-10-09 13:54:59,872 ERROR Failed to do something: Inconsistent object during array creation? Content of sequences changed (now too shallow).
2024-10-09 13:55:35,646 ERROR Failed to do something: linearrings: Input operand 0 does not have enough dimensions (has 1, gufunc core with signature (i, d)->() requires 2)
2024-10-09 13:57:01,077 ERROR Failed to do something: Inconsistent object during array creation? Content of sequences changed (now too shallow).
2024-10-09 13:57:23,780 ERROR Failed to do something: Inconsistent object during array creation? Content of sequences changed (now too shallow).
2024-10-09 13:57:37,376 ERROR Failed to do something: Inconsistent object during array creation? Content of sequences changed (now too shallow).
2024-10-09 13:59:55,845 ERROR Failed to do something: too many values to unpack (expected 2)
2024-10-09 14:00:49,353 ERROR Failed to do something: Inconsistent object during array creation? Content of sequences changed (now too shallow).
2024-10-09 14:02:59,456 ERROR Failed to do something: linearrings: Input operand 0 does not have enough dimensions (has 1, gufunc core with signature (i, d)->() requires 2)
2024-10-09 14:03:24,122 ERROR Failed to do something: linearrings: Input operand 0 does not have enough dimensions (has 1, gufunc core with signature (i, d)->() requires 2)
2024-10-09 14:06:39,462 ERROR Failed to do something: 'numpy.ndarray' object has no attribute 'cpu'
2024-10-09 14:10:57,680 ERROR Failed to do something: time-out of 10000ms while waiting for the simulator, make sure the simulator is ready and connected to 127.0.0.1:2000
2024-10-09 14:11:44,386 ERROR Failed to do something: OpenCV(4.9.0) :-1: error: (-5:Bad argument) in function 'polylines'
> Overload resolution failed:
>  - Can't parse 'pts'. Sequence item with index 0 has a wrong type
>  - Can't parse 'pts'. Sequence item with index 0 has a wrong type

2024-10-09 14:12:21,030 ERROR Failed to do something: 'numpy.ndarray' object has no attribute 'cpu'
2024-10-09 14:19:13,940 ERROR Failed to do something: 'numpy.ndarray' object has no attribute 'cpu'
2024-10-09 14:22:00,426 ERROR Failed to do something: 'numpy.ndarray' object has no attribute 'cpu'
2024-10-09 14:23:28,070 ERROR Failed to do something: 'numpy.ndarray' object has no attribute 'cpu'
2024-10-09 14:24:09,861 ERROR Failed to do something: 'numpy.ndarray' object has no attribute 'cpu'
2024-10-09 14:24:23,479 ERROR Failed to do something: 'numpy.ndarray' object has no attribute 'cpu'
2024-10-09 14:25:16,771 ERROR Failed to do something: 'numpy.ndarray' object has no attribute 'cpu'
2024-10-09 14:25:39,903 ERROR Failed to do something: 'numpy.ndarray' object has no attribute 'cpu'
2024-10-09 14:26:02,909 ERROR Failed to do something: 'numpy.ndarray' object has no attribute 'cpu'
2024-10-09 14:28:26,988 ERROR Failed to do something: 'numpy.ndarray' object has no attribute 'cpu'
2024-10-09 14:30:56,499 ERROR Failed to do something: 'list' object has no attribute 'size'
2024-10-09 14:31:27,022 ERROR Failed to do something: 'numpy.ndarray' object has no attribute 'cpu'
2024-10-09 14:33:25,553 ERROR Failed to do something: 'numpy.ndarray' object has no attribute 'numpy'
2024-10-09 14:37:51,859 ERROR Failed to do something: time-out of 10000ms while waiting for the simulator, make sure the simulator is ready and connected to localhost:2000
2024-10-09 14:40:17,690 ERROR Failed to do something: time-out of 10000ms while waiting for the simulator, make sure the simulator is ready and connected to 127.0.0.1:2000
2024-10-09 14:41:11,529 ERROR Failed to do something: Inconsistent object during array creation? Content of sequences changed (now too shallow).
2024-10-09 14:42:25,487 ERROR Failed to do something: Inconsistent object during array creation? Content of sequences changed (now too shallow).
2024-10-09 14:51:51,355 ERROR Failed to do something: 'CARLA' object has no attribute 't1'
2024-10-09 15:04:33,289 ERROR Failed to do something: Inconsistent object during array creation? Content of sequences changed (now too shallow).
2024-10-09 15:05:37,796 ERROR Failed to do something: Inconsistent object during array creation? Content of sequences changed (now too shallow).
2024-10-09 15:08:48,823 ERROR Failed to do something: Inconsistent object during array creation? Content of sequences changed (now too shallow).
2024-10-09 15:43:43,906 ERROR Failed to do something: Inconsistent object during array creation? Content of sequences changed (now too shallow).
